e:\temperaturecontrolrtos\temperaturecontrolrtos\temperat.d9901848\debug\vc143.pdb
e:\temperaturecontrolrtos\temperaturecontrolrtos\temperat.d9901848\debug\vc143.idb
e:\temperaturecontrolrtos\temperaturecontrolrtos\temperat.d9901848\debug\port.obj
e:\temperaturecontrolrtos\temperaturecontrolrtos\temperat.d9901848\debug\heap_4.obj
e:\temperaturecontrolrtos\temperaturecontrolrtos\temperat.d9901848\debug\main.obj
e:\temperaturecontrolrtos\temperaturecontrolrtos\temperat.d9901848\debug\timers.obj
e:\temperaturecontrolrtos\temperaturecontrolrtos\temperat.d9901848\debug\tasks.obj
e:\temperaturecontrolrtos\temperaturecontrolrtos\temperat.d9901848\debug\stream_buffer.obj
e:\temperaturecontrolrtos\temperaturecontrolrtos\temperat.d9901848\debug\queue.obj
e:\temperaturecontrolrtos\temperaturecontrolrtos\temperat.d9901848\debug\list.obj
e:\temperaturecontrolrtos\temperaturecontrolrtos\temperat.d9901848\debug\event_groups.obj
e:\temperaturecontrolrtos\temperaturecontrolrtos\temperat.d9901848\debug\croutine.obj
e:\temperaturecontrolrtos\temperaturecontrolrtos\debug\temperaturecontrolrtos.exe
e:\temperaturecontrolrtos\temperaturecontrolrtos\debug\temperaturecontrolrtos.pdb
e:\temperaturecontrolrtos\temperaturecontrolrtos\temperat.d9901848\debug\temperaturecontrolrtos.ilk
e:\temperaturecontrolrtos\temperaturecontrolrtos\temperat.d9901848\debug\temperat.d9901848.tlog\cl.command.1.tlog
e:\temperaturecontrolrtos\temperaturecontrolrtos\temperat.d9901848\debug\temperat.d9901848.tlog\cl.items.tlog
e:\temperaturecontrolrtos\temperaturecontrolrtos\temperat.d9901848\debug\temperat.d9901848.tlog\cl.read.1.tlog
e:\temperaturecontrolrtos\temperaturecontrolrtos\temperat.d9901848\debug\temperat.d9901848.tlog\cl.write.1.tlog
e:\temperaturecontrolrtos\temperaturecontrolrtos\temperat.d9901848\debug\temperat.d9901848.tlog\link.command.1.tlog
e:\temperaturecontrolrtos\temperaturecontrolrtos\temperat.d9901848\debug\temperat.d9901848.tlog\link.read.1.tlog
e:\temperaturecontrolrtos\temperaturecontrolrtos\temperat.d9901848\debug\temperat.d9901848.tlog\link.secondary.1.tlog
e:\temperaturecontrolrtos\temperaturecontrolrtos\temperat.d9901848\debug\temperat.d9901848.tlog\link.write.1.tlog
